Build started 01-10-2021 15:17:11.
     1>Project "c:\Users\Gaurav\documents\visual studio 2010\Projects\214101018_LBG\214101018_LBG\214101018_LBG.vcxproj" on node 2 (build target(s)).
     1>PrepareForBuild:
         Creating directory "c:\users\gaurav\documents\visual studio 2010\Projects\214101018_LBG\Debug\".
       InitializeBuildStatus:
         Creating "Debug\214101018_LBG.unsuccessfulbuild" because "AlwaysCreate" was specified.
       ClCompile:
         C:\Program Files (x86)\Microsoft Visual Studio 10.0\VC\bin\CL.exe /c /ZI /nologo /W3 /WX- /Od /Oy- /D WIN32 /D _DEBUG /D _CONSOLE /D _UNICODE /D UNICODE /Gm /EHsc /RTC1 /MDd /GS /fp:precise /Zc:wchar_t /Zc:forScope /Yc"StdAfx.h" /Fp"Debug\214101018_LBG.pch" /Fo"Debug\\" /Fd"Debug\vc100.pdb" /Gd /TP /analyze- /errorReport:prompt stdafx.cpp
         stdafx.cpp
         C:\Program Files (x86)\Microsoft Visual Studio 10.0\VC\bin\CL.exe /c /ZI /nologo /W3 /WX- /Od /Oy- /D WIN32 /D _DEBUG /D _CONSOLE /D _UNICODE /D UNICODE /Gm /EHsc /RTC1 /MDd /GS /fp:precise /Zc:wchar_t /Zc:forScope /Yu"StdAfx.h" /Fp"Debug\214101018_LBG.pch" /Fo"Debug\\" /Fd"Debug\vc100.pdb" /Gd /TP /analyze- /errorReport:prompt 214101018_LBG.cpp
         214101018_LBG.cpp
     1>c:\users\gaurav\documents\visual studio 2010\projects\214101018_lbg\214101018_lbg\214101018_lbg.cpp(51): warning C4996: 'fopen': This function or variable may be unsafe. Consider using fopen_s instead. To disable deprecation, use _CRT_SECURE_NO_WARNINGS. See online help for details.
                 c:\program files (x86)\microsoft visual studio 10.0\vc\include\stdio.h(234) : see declaration of 'fopen'
     1>c:\users\gaurav\documents\visual studio 2010\projects\214101018_lbg\214101018_lbg\214101018_lbg.cpp(68): warning C4996: 'fscanf': This function or variable may be unsafe. Consider using fscanf_s instead. To disable deprecation, use _CRT_SECURE_NO_WARNINGS. See online help for details.
                 c:\program files (x86)\microsoft visual studio 10.0\vc\include\stdio.h(253) : see declaration of 'fscanf'
     1>c:\users\gaurav\documents\visual studio 2010\projects\214101018_lbg\214101018_lbg\214101018_lbg.cpp(72): warning C4996: 'fscanf': This function or variable may be unsafe. Consider using fscanf_s instead. To disable deprecation, use _CRT_SECURE_NO_WARNINGS. See online help for details.
                 c:\program files (x86)\microsoft visual studio 10.0\vc\include\stdio.h(253) : see declaration of 'fscanf'
     1>c:\users\gaurav\documents\visual studio 2010\projects\214101018_lbg\214101018_lbg\214101018_lbg.cpp(96): warning C4996: 'fopen': This function or variable may be unsafe. Consider using fopen_s instead. To disable deprecation, use _CRT_SECURE_NO_WARNINGS. See online help for details.
                 c:\program files (x86)\microsoft visual studio 10.0\vc\include\stdio.h(234) : see declaration of 'fopen'
     1>c:\users\gaurav\documents\visual studio 2010\projects\214101018_lbg\214101018_lbg\214101018_lbg.cpp(149): warning C4996: 'fopen': This function or variable may be unsafe. Consider using fopen_s instead. To disable deprecation, use _CRT_SECURE_NO_WARNINGS. See online help for details.
                 c:\program files (x86)\microsoft visual studio 10.0\vc\include\stdio.h(234) : see declaration of 'fopen'
     1>c:\users\gaurav\documents\visual studio 2010\projects\214101018_lbg\214101018_lbg\214101018_lbg.cpp(162): warning C4996: 'fscanf': This function or variable may be unsafe. Consider using fscanf_s instead. To disable deprecation, use _CRT_SECURE_NO_WARNINGS. See online help for details.
                 c:\program files (x86)\microsoft visual studio 10.0\vc\include\stdio.h(253) : see declaration of 'fscanf'
     1>c:\users\gaurav\documents\visual studio 2010\projects\214101018_lbg\214101018_lbg\214101018_lbg.cpp(164): warning C4996: 'fscanf': This function or variable may be unsafe. Consider using fscanf_s instead. To disable deprecation, use _CRT_SECURE_NO_WARNINGS. See online help for details.
                 c:\program files (x86)\microsoft visual studio 10.0\vc\include\stdio.h(253) : see declaration of 'fscanf'
     1>c:\users\gaurav\documents\visual studio 2010\projects\214101018_lbg\214101018_lbg\214101018_lbg.cpp(179): warning C4996: 'fopen': This function or variable may be unsafe. Consider using fopen_s instead. To disable deprecation, use _CRT_SECURE_NO_WARNINGS. See online help for details.
                 c:\program files (x86)\microsoft visual studio 10.0\vc\include\stdio.h(234) : see declaration of 'fopen'
     1>c:\users\gaurav\documents\visual studio 2010\projects\214101018_lbg\214101018_lbg\214101018_lbg.cpp(203): warning C4996: 'fopen': This function or variable may be unsafe. Consider using fopen_s instead. To disable deprecation, use _CRT_SECURE_NO_WARNINGS. See online help for details.
                 c:\program files (x86)\microsoft visual studio 10.0\vc\include\stdio.h(234) : see declaration of 'fopen'
     1>c:\users\gaurav\documents\visual studio 2010\projects\214101018_lbg\214101018_lbg\214101018_lbg.cpp(233): warning C4996: 'getch': The POSIX name for this item is deprecated. Instead, use the ISO C++ conformant name: _getch. See online help for details.
                 c:\program files (x86)\microsoft visual studio 10.0\vc\include\conio.h(128) : see declaration of 'getch'
     1>c:\users\gaurav\documents\visual studio 2010\projects\214101018_lbg\214101018_lbg\214101018_lbg.cpp(108): warning C4101: 'temp' : unreferenced local variable
       ManifestResourceCompile:
         C:\Program Files (x86)\Microsoft SDKs\Windows\v7.0A\bin\rc.exe /nologo /fo"Debug\214101018_LBG.exe.embed.manifest.res" Debug\214101018_LBG_manifest.rc 
       Link:
         C:\Program Files (x86)\Microsoft Visual Studio 10.0\VC\bin\link.exe /ERRORREPORT:PROMPT /OUT:"c:\users\gaurav\documents\visual studio 2010\Projects\214101018_LBG\Debug\214101018_LBG.exe" /INCREMENTAL /NOLOGO kernel32.lib user32.lib gdi32.lib winspool.lib comdlg32.lib advapi32.lib shell32.lib ole32.lib oleaut32.lib uuid.lib odbc32.lib odbccp32.lib /MANIFEST /ManifestFile:"Debug\214101018_LBG.exe.intermediate.manifest" /MANIFESTUAC:"level='asInvoker' uiAccess='false'" /DEBUG /PDB:"c:\users\gaurav\documents\visual studio 2010\Projects\214101018_LBG\Debug\214101018_LBG.pdb" /SUBSYSTEM:CONSOLE /TLBID:1 /DYNAMICBASE /NXCOMPAT /IMPLIB:"c:\users\gaurav\documents\visual studio 2010\Projects\214101018_LBG\Debug\214101018_LBG.lib" /MACHINE:X86 Debug\214101018_LBG.exe.embed.manifest.res
         Debug\214101018_LBG.obj
         Debug\stdafx.obj
       Manifest:
         C:\Program Files (x86)\Microsoft SDKs\Windows\v7.0A\bin\mt.exe /nologo /verbose /out:"Debug\214101018_LBG.exe.embed.manifest" /manifest Debug\214101018_LBG.exe.intermediate.manifest
         C:\Program Files (x86)\Microsoft SDKs\Windows\v7.0A\bin\rc.exe /nologo /fo"Debug\214101018_LBG.exe.embed.manifest.res" Debug\214101018_LBG_manifest.rc 
       LinkEmbedManifest:
         C:\Program Files (x86)\Microsoft Visual Studio 10.0\VC\bin\link.exe /ERRORREPORT:PROMPT /OUT:"c:\users\gaurav\documents\visual studio 2010\Projects\214101018_LBG\Debug\214101018_LBG.exe" /INCREMENTAL /NOLOGO kernel32.lib user32.lib gdi32.lib winspool.lib comdlg32.lib advapi32.lib shell32.lib ole32.lib oleaut32.lib uuid.lib odbc32.lib odbccp32.lib /MANIFEST /ManifestFile:"Debug\214101018_LBG.exe.intermediate.manifest" /MANIFESTUAC:"level='asInvoker' uiAccess='false'" /DEBUG /PDB:"c:\users\gaurav\documents\visual studio 2010\Projects\214101018_LBG\Debug\214101018_LBG.pdb" /SUBSYSTEM:CONSOLE /TLBID:1 /DYNAMICBASE /NXCOMPAT /IMPLIB:"c:\users\gaurav\documents\visual studio 2010\Projects\214101018_LBG\Debug\214101018_LBG.lib" /MACHINE:X86 Debug\214101018_LBG.exe.embed.manifest.res
         Debug\214101018_LBG.obj
         Debug\stdafx.obj
         214101018_LBG.vcxproj -> c:\users\gaurav\documents\visual studio 2010\Projects\214101018_LBG\Debug\214101018_LBG.exe
       FinalizeBuildStatus:
         Deleting file "Debug\214101018_LBG.unsuccessfulbuild".
         Touching "Debug\214101018_LBG.lastbuildstate".
     1>Done Building Project "c:\Users\Gaurav\documents\visual studio 2010\Projects\214101018_LBG\214101018_LBG\214101018_LBG.vcxproj" (build target(s)).

Build succeeded.

Time Elapsed 00:00:03.59
