Build started 01-10-2021 15:07:01.
     1>Project "c:\Users\Gaurav\documents\visual studio 2010\Projects\214101018_Kmeans\214101018_Kmeans\214101018_Kmeans.vcxproj" on node 2 (build target(s)).
     1>InitializeBuildStatus:
         Touching "Debug\214101018_Kmeans.unsuccessfulbuild".
       ClCompile:
         All outputs are up-to-date.
         C:\Program Files (x86)\Microsoft Visual Studio 10.0\VC\bin\CL.exe /c /ZI /nologo /W3 /WX- /Od /Oy- /D WIN32 /D _DEBUG /D _CONSOLE /D _UNICODE /D UNICODE /Gm /EHsc /RTC1 /MDd /GS /fp:precise /Zc:wchar_t /Zc:forScope /Yu"StdAfx.h" /Fp"Debug\214101018_Kmeans.pch" /Fo"Debug\\" /Fd"Debug\vc100.pdb" /Gd /TP /analyze- /errorReport:prompt 214101018_Kmeans.cpp
         214101018_Kmeans.cpp
     1>c:\users\gaurav\documents\visual studio 2010\projects\214101018_kmeans\214101018_kmeans\214101018_kmeans.cpp(49): warning C4996: 'fopen': This function or variable may be unsafe. Consider using fopen_s instead. To disable deprecation, use _CRT_SECURE_NO_WARNINGS. See online help for details.
                 c:\program files (x86)\microsoft visual studio 10.0\vc\include\stdio.h(234) : see declaration of 'fopen'
     1>c:\users\gaurav\documents\visual studio 2010\projects\214101018_kmeans\214101018_kmeans\214101018_kmeans.cpp(66): warning C4996: 'fscanf': This function or variable may be unsafe. Consider using fscanf_s instead. To disable deprecation, use _CRT_SECURE_NO_WARNINGS. See online help for details.
                 c:\program files (x86)\microsoft visual studio 10.0\vc\include\stdio.h(253) : see declaration of 'fscanf'
     1>c:\users\gaurav\documents\visual studio 2010\projects\214101018_kmeans\214101018_kmeans\214101018_kmeans.cpp(70): warning C4996: 'fscanf': This function or variable may be unsafe. Consider using fscanf_s instead. To disable deprecation, use _CRT_SECURE_NO_WARNINGS. See online help for details.
                 c:\program files (x86)\microsoft visual studio 10.0\vc\include\stdio.h(253) : see declaration of 'fscanf'
     1>c:\users\gaurav\documents\visual studio 2010\projects\214101018_kmeans\214101018_kmeans\214101018_kmeans.cpp(93): warning C4996: 'fscanf': This function or variable may be unsafe. Consider using fscanf_s instead. To disable deprecation, use _CRT_SECURE_NO_WARNINGS. See online help for details.
                 c:\program files (x86)\microsoft visual studio 10.0\vc\include\stdio.h(253) : see declaration of 'fscanf'
     1>c:\users\gaurav\documents\visual studio 2010\projects\214101018_kmeans\214101018_kmeans\214101018_kmeans.cpp(95): warning C4996: 'fscanf': This function or variable may be unsafe. Consider using fscanf_s instead. To disable deprecation, use _CRT_SECURE_NO_WARNINGS. See online help for details.
                 c:\program files (x86)\microsoft visual studio 10.0\vc\include\stdio.h(253) : see declaration of 'fscanf'
     1>c:\users\gaurav\documents\visual studio 2010\projects\214101018_kmeans\214101018_kmeans\214101018_kmeans.cpp(107): warning C4996: 'fopen': This function or variable may be unsafe. Consider using fopen_s instead. To disable deprecation, use _CRT_SECURE_NO_WARNINGS. See online help for details.
                 c:\program files (x86)\microsoft visual studio 10.0\vc\include\stdio.h(234) : see declaration of 'fopen'
     1>c:\users\gaurav\documents\visual studio 2010\projects\214101018_kmeans\214101018_kmeans\214101018_kmeans.cpp(146): warning C4996: 'fopen': This function or variable may be unsafe. Consider using fopen_s instead. To disable deprecation, use _CRT_SECURE_NO_WARNINGS. See online help for details.
                 c:\program files (x86)\microsoft visual studio 10.0\vc\include\stdio.h(234) : see declaration of 'fopen'
     1>c:\users\gaurav\documents\visual studio 2010\projects\214101018_kmeans\214101018_kmeans\214101018_kmeans.cpp(174): warning C4996: 'fopen': This function or variable may be unsafe. Consider using fopen_s instead. To disable deprecation, use _CRT_SECURE_NO_WARNINGS. See online help for details.
                 c:\program files (x86)\microsoft visual studio 10.0\vc\include\stdio.h(234) : see declaration of 'fopen'
     1>c:\users\gaurav\documents\visual studio 2010\projects\214101018_kmeans\214101018_kmeans\214101018_kmeans.cpp(196): warning C4996: 'fopen': This function or variable may be unsafe. Consider using fopen_s instead. To disable deprecation, use _CRT_SECURE_NO_WARNINGS. See online help for details.
                 c:\program files (x86)\microsoft visual studio 10.0\vc\include\stdio.h(234) : see declaration of 'fopen'
     1>c:\users\gaurav\documents\visual studio 2010\projects\214101018_kmeans\214101018_kmeans\214101018_kmeans.cpp(225): warning C4996: 'getch': The POSIX name for this item is deprecated. Instead, use the ISO C++ conformant name: _getch. See online help for details.
                 c:\program files (x86)\microsoft visual studio 10.0\vc\include\conio.h(128) : see declaration of 'getch'
       ManifestResourceCompile:
         All outputs are up-to-date.
       Link:
         C:\Program Files (x86)\Microsoft Visual Studio 10.0\VC\bin\link.exe /ERRORREPORT:PROMPT /OUT:"c:\users\gaurav\documents\visual studio 2010\Projects\214101018_Kmeans\Debug\214101018_Kmeans.exe" /INCREMENTAL /NOLOGO kernel32.lib user32.lib gdi32.lib winspool.lib comdlg32.lib advapi32.lib shell32.lib ole32.lib oleaut32.lib uuid.lib odbc32.lib odbccp32.lib /MANIFEST /ManifestFile:"Debug\214101018_Kmeans.exe.intermediate.manifest" /MANIFESTUAC:"level='asInvoker' uiAccess='false'" /DEBUG /PDB:"c:\users\gaurav\documents\visual studio 2010\Projects\214101018_Kmeans\Debug\214101018_Kmeans.pdb" /SUBSYSTEM:CONSOLE /TLBID:1 /DYNAMICBASE /NXCOMPAT /IMPLIB:"c:\users\gaurav\documents\visual studio 2010\Projects\214101018_Kmeans\Debug\214101018_Kmeans.lib" /MACHINE:X86 Debug\214101018_Kmeans.exe.embed.manifest.res
         Debug\214101018_Kmeans.obj
         Debug\stdafx.obj
       Manifest:
         C:\Program Files (x86)\Microsoft SDKs\Windows\v7.0A\bin\mt.exe /nologo /verbose /out:"Debug\214101018_Kmeans.exe.embed.manifest" /manifest Debug\214101018_Kmeans.exe.intermediate.manifest
         All outputs are up-to-date.
       LinkEmbedManifest:
         All outputs are up-to-date.
         214101018_Kmeans.vcxproj -> c:\users\gaurav\documents\visual studio 2010\Projects\214101018_Kmeans\Debug\214101018_Kmeans.exe
       FinalizeBuildStatus:
         Deleting file "Debug\214101018_Kmeans.unsuccessfulbuild".
         Touching "Debug\214101018_Kmeans.lastbuildstate".
     1>Done Building Project "c:\Users\Gaurav\documents\visual studio 2010\Projects\214101018_Kmeans\214101018_Kmeans\214101018_Kmeans.vcxproj" (build target(s)).

Build succeeded.

Time Elapsed 00:00:01.67
