Build started 15-08-2021 13:30:43.
     1>Project "c:\Users\Gaurav\documents\visual studio 2010\Projects\214101018_yes_no\214101018_yes_no\214101018_yes_no.vcxproj" on node 2 (build target(s)).
     1>InitializeBuildStatus:
         Creating "Debug\214101018_yes_no.unsuccessfulbuild" because "AlwaysCreate" was specified.
       ClCompile:
         All outputs are up-to-date.
         C:\Program Files (x86)\Microsoft Visual Studio 10.0\VC\bin\CL.exe /c /ZI /nologo /W3 /WX- /Od /Oy- /D WIN32 /D _DEBUG /D _CONSOLE /D _UNICODE /D UNICODE /Gm /EHsc /RTC1 /MDd /GS /fp:precise /Zc:wchar_t /Zc:forScope /Yu"StdAfx.h" /Fp"Debug\214101018_yes_no.pch" /Fo"Debug\\" /Fd"Debug\vc100.pdb" /Gd /TP /analyze- /errorReport:prompt 214101018_yes_no.cpp
         214101018_yes_no.cpp
     1>c:\users\gaurav\documents\visual studio 2010\projects\214101018_yes_no\214101018_yes_no\214101018_yes_no.cpp(19): warning C4996: 'fopen': This function or variable may be unsafe. Consider using fopen_s instead. To disable deprecation, use _CRT_SECURE_NO_WARNINGS. See online help for details.
                 c:\program files (x86)\microsoft visual studio 10.0\vc\include\stdio.h(234) : see declaration of 'fopen'
     1>c:\users\gaurav\documents\visual studio 2010\projects\214101018_yes_no\214101018_yes_no\214101018_yes_no.cpp(33): warning C4996: 'fscanf': This function or variable may be unsafe. Consider using fscanf_s instead. To disable deprecation, use _CRT_SECURE_NO_WARNINGS. See online help for details.
                 c:\program files (x86)\microsoft visual studio 10.0\vc\include\stdio.h(253) : see declaration of 'fscanf'
     1>c:\users\gaurav\documents\visual studio 2010\projects\214101018_yes_no\214101018_yes_no\214101018_yes_no.cpp(55): warning C4996: 'fopen': This function or variable may be unsafe. Consider using fopen_s instead. To disable deprecation, use _CRT_SECURE_NO_WARNINGS. See online help for details.
                 c:\program files (x86)\microsoft visual studio 10.0\vc\include\stdio.h(234) : see declaration of 'fopen'
     1>c:\users\gaurav\documents\visual studio 2010\projects\214101018_yes_no\214101018_yes_no\214101018_yes_no.cpp(62): warning C4996: 'fscanf': This function or variable may be unsafe. Consider using fscanf_s instead. To disable deprecation, use _CRT_SECURE_NO_WARNINGS. See online help for details.
                 c:\program files (x86)\microsoft visual studio 10.0\vc\include\stdio.h(253) : see declaration of 'fscanf'
     1>c:\users\gaurav\documents\visual studio 2010\projects\214101018_yes_no\214101018_yes_no\214101018_yes_no.cpp(77): warning C4996: 'fopen': This function or variable may be unsafe. Consider using fopen_s instead. To disable deprecation, use _CRT_SECURE_NO_WARNINGS. See online help for details.
                 c:\program files (x86)\microsoft visual studio 10.0\vc\include\stdio.h(234) : see declaration of 'fopen'
     1>c:\users\gaurav\documents\visual studio 2010\projects\214101018_yes_no\214101018_yes_no\214101018_yes_no.cpp(81): warning C4996: 'fscanf': This function or variable may be unsafe. Consider using fscanf_s instead. To disable deprecation, use _CRT_SECURE_NO_WARNINGS. See online help for details.
                 c:\program files (x86)\microsoft visual studio 10.0\vc\include\stdio.h(253) : see declaration of 'fscanf'
     1>c:\users\gaurav\documents\visual studio 2010\projects\214101018_yes_no\214101018_yes_no\214101018_yes_no.cpp(82): warning C4244: '=' : conversion from 'double' to 'long', possible loss of data
     1>c:\users\gaurav\documents\visual studio 2010\projects\214101018_yes_no\214101018_yes_no\214101018_yes_no.cpp(110): warning C4996: 'fopen': This function or variable may be unsafe. Consider using fopen_s instead. To disable deprecation, use _CRT_SECURE_NO_WARNINGS. See online help for details.
                 c:\program files (x86)\microsoft visual studio 10.0\vc\include\stdio.h(234) : see declaration of 'fopen'
     1>c:\users\gaurav\documents\visual studio 2010\projects\214101018_yes_no\214101018_yes_no\214101018_yes_no.cpp(111): warning C4996: 'fopen': This function or variable may be unsafe. Consider using fopen_s instead. To disable deprecation, use _CRT_SECURE_NO_WARNINGS. See online help for details.
                 c:\program files (x86)\microsoft visual studio 10.0\vc\include\stdio.h(234) : see declaration of 'fopen'
     1>c:\users\gaurav\documents\visual studio 2010\projects\214101018_yes_no\214101018_yes_no\214101018_yes_no.cpp(119): warning C4996: 'fscanf': This function or variable may be unsafe. Consider using fscanf_s instead. To disable deprecation, use _CRT_SECURE_NO_WARNINGS. See online help for details.
                 c:\program files (x86)\microsoft visual studio 10.0\vc\include\stdio.h(253) : see declaration of 'fscanf'
     1>c:\users\gaurav\documents\visual studio 2010\projects\214101018_yes_no\214101018_yes_no\214101018_yes_no.cpp(131): warning C4996: 'fopen': This function or variable may be unsafe. Consider using fopen_s instead. To disable deprecation, use _CRT_SECURE_NO_WARNINGS. See online help for details.
                 c:\program files (x86)\microsoft visual studio 10.0\vc\include\stdio.h(234) : see declaration of 'fopen'
     1>c:\users\gaurav\documents\visual studio 2010\projects\214101018_yes_no\214101018_yes_no\214101018_yes_no.cpp(132): warning C4996: 'fopen': This function or variable may be unsafe. Consider using fopen_s instead. To disable deprecation, use _CRT_SECURE_NO_WARNINGS. See online help for details.
                 c:\program files (x86)\microsoft visual studio 10.0\vc\include\stdio.h(234) : see declaration of 'fopen'
     1>c:\users\gaurav\documents\visual studio 2010\projects\214101018_yes_no\214101018_yes_no\214101018_yes_no.cpp(141): warning C4996: 'fscanf': This function or variable may be unsafe. Consider using fscanf_s instead. To disable deprecation, use _CRT_SECURE_NO_WARNINGS. See online help for details.
                 c:\program files (x86)\microsoft visual studio 10.0\vc\include\stdio.h(253) : see declaration of 'fscanf'
     1>c:\users\gaurav\documents\visual studio 2010\projects\214101018_yes_no\214101018_yes_no\214101018_yes_no.cpp(151): warning C4996: 'fopen': This function or variable may be unsafe. Consider using fopen_s instead. To disable deprecation, use _CRT_SECURE_NO_WARNINGS. See online help for details.
                 c:\program files (x86)\microsoft visual studio 10.0\vc\include\stdio.h(234) : see declaration of 'fopen'
     1>c:\users\gaurav\documents\visual studio 2010\projects\214101018_yes_no\214101018_yes_no\214101018_yes_no.cpp(164): warning C4996: 'fscanf': This function or variable may be unsafe. Consider using fscanf_s instead. To disable deprecation, use _CRT_SECURE_NO_WARNINGS. See online help for details.
                 c:\program files (x86)\microsoft visual studio 10.0\vc\include\stdio.h(253) : see declaration of 'fscanf'
     1>c:\users\gaurav\documents\visual studio 2010\projects\214101018_yes_no\214101018_yes_no\214101018_yes_no.cpp(172): warning C4996: 'fopen': This function or variable may be unsafe. Consider using fopen_s instead. To disable deprecation, use _CRT_SECURE_NO_WARNINGS. See online help for details.
                 c:\program files (x86)\microsoft visual studio 10.0\vc\include\stdio.h(234) : see declaration of 'fopen'
     1>c:\users\gaurav\documents\visual studio 2010\projects\214101018_yes_no\214101018_yes_no\214101018_yes_no.cpp(186): warning C4996: 'fscanf': This function or variable may be unsafe. Consider using fscanf_s instead. To disable deprecation, use _CRT_SECURE_NO_WARNINGS. See online help for details.
                 c:\program files (x86)\microsoft visual studio 10.0\vc\include\stdio.h(253) : see declaration of 'fscanf'
     1>c:\users\gaurav\documents\visual studio 2010\projects\214101018_yes_no\214101018_yes_no\214101018_yes_no.cpp(215): warning C4996: 'fopen': This function or variable may be unsafe. Consider using fopen_s instead. To disable deprecation, use _CRT_SECURE_NO_WARNINGS. See online help for details.
                 c:\program files (x86)\microsoft visual studio 10.0\vc\include\stdio.h(234) : see declaration of 'fopen'
     1>c:\users\gaurav\documents\visual studio 2010\projects\214101018_yes_no\214101018_yes_no\214101018_yes_no.cpp(219): warning C4996: 'getch': The POSIX name for this item is deprecated. Instead, use the ISO C++ conformant name: _getch. See online help for details.
                 c:\program files (x86)\microsoft visual studio 10.0\vc\include\conio.h(128) : see declaration of 'getch'
     1>c:\users\gaurav\documents\visual studio 2010\projects\214101018_yes_no\214101018_yes_no\214101018_yes_no.cpp(229): warning C4996: 'fscanf': This function or variable may be unsafe. Consider using fscanf_s instead. To disable deprecation, use _CRT_SECURE_NO_WARNINGS. See online help for details.
                 c:\program files (x86)\microsoft visual studio 10.0\vc\include\stdio.h(253) : see declaration of 'fscanf'
     1>c:\users\gaurav\documents\visual studio 2010\projects\214101018_yes_no\214101018_yes_no\214101018_yes_no.cpp(242): warning C4996: 'fopen': This function or variable may be unsafe. Consider using fopen_s instead. To disable deprecation, use _CRT_SECURE_NO_WARNINGS. See online help for details.
                 c:\program files (x86)\microsoft visual studio 10.0\vc\include\stdio.h(234) : see declaration of 'fopen'
     1>c:\users\gaurav\documents\visual studio 2010\projects\214101018_yes_no\214101018_yes_no\214101018_yes_no.cpp(246): warning C4996: 'getch': The POSIX name for this item is deprecated. Instead, use the ISO C++ conformant name: _getch. See online help for details.
                 c:\program files (x86)\microsoft visual studio 10.0\vc\include\conio.h(128) : see declaration of 'getch'
     1>c:\users\gaurav\documents\visual studio 2010\projects\214101018_yes_no\214101018_yes_no\214101018_yes_no.cpp(257): warning C4996: 'fscanf': This function or variable may be unsafe. Consider using fscanf_s instead. To disable deprecation, use _CRT_SECURE_NO_WARNINGS. See online help for details.
                 c:\program files (x86)\microsoft visual studio 10.0\vc\include\stdio.h(253) : see declaration of 'fscanf'
     1>c:\users\gaurav\documents\visual studio 2010\projects\214101018_yes_no\214101018_yes_no\214101018_yes_no.cpp(341): warning C4996: 'getch': The POSIX name for this item is deprecated. Instead, use the ISO C++ conformant name: _getch. See online help for details.
                 c:\program files (x86)\microsoft visual studio 10.0\vc\include\conio.h(128) : see declaration of 'getch'
       ManifestResourceCompile:
         All outputs are up-to-date.
       Link:
         C:\Program Files (x86)\Microsoft Visual Studio 10.0\VC\bin\link.exe /ERRORREPORT:PROMPT /OUT:"c:\users\gaurav\documents\visual studio 2010\Projects\214101018_yes_no\Debug\214101018_yes_no.exe" /INCREMENTAL /NOLOGO kernel32.lib user32.lib gdi32.lib winspool.lib comdlg32.lib advapi32.lib shell32.lib ole32.lib oleaut32.lib uuid.lib odbc32.lib odbccp32.lib /MANIFEST /ManifestFile:"Debug\214101018_yes_no.exe.intermediate.manifest" /MANIFESTUAC:"level='asInvoker' uiAccess='false'" /DEBUG /PDB:"c:\users\gaurav\documents\visual studio 2010\Projects\214101018_yes_no\Debug\214101018_yes_no.pdb" /SUBSYSTEM:CONSOLE /TLBID:1 /DYNAMICBASE /NXCOMPAT /IMPLIB:"c:\users\gaurav\documents\visual studio 2010\Projects\214101018_yes_no\Debug\214101018_yes_no.lib" /MACHINE:X86 Debug\214101018_yes_no.exe.embed.manifest.res
         Debug\214101018_yes_no.obj
         Debug\stdafx.obj
       Manifest:
         C:\Program Files (x86)\Microsoft SDKs\Windows\v7.0A\bin\mt.exe /nologo /verbose /out:"Debug\214101018_yes_no.exe.embed.manifest" /manifest Debug\214101018_yes_no.exe.intermediate.manifest
         All outputs are up-to-date.
       LinkEmbedManifest:
         All outputs are up-to-date.
         214101018_yes_no.vcxproj -> c:\users\gaurav\documents\visual studio 2010\Projects\214101018_yes_no\Debug\214101018_yes_no.exe
       FinalizeBuildStatus:
         Deleting file "Debug\214101018_yes_no.unsuccessfulbuild".
         Touching "Debug\214101018_yes_no.lastbuildstate".
     1>Done Building Project "c:\Users\Gaurav\documents\visual studio 2010\Projects\214101018_yes_no\214101018_yes_no\214101018_yes_no.vcxproj" (build target(s)).

Build succeeded.

Time Elapsed 00:00:01.34
