C:\USERS\GAURAV\DOCUMENTS\VISUAL STUDIO 2010\PROJECTS\HMM_214101018\DEBUG\HMM_214101018.EXE
C:\USERS\GAURAV\DOCUMENTS\VISUAL STUDIO 2010\PROJECTS\HMM_214101018\DEBUG\HMM_214101018.ILK
C:\USERS\GAURAV\DOCUMENTS\VISUAL STUDIO 2010\PROJECTS\HMM_214101018\DEBUG\HMM_214101018.PDB
C:\Users\Gaurav\Documents\Visual Studio 2010\Projects\HMM_214101018\HMM_214101018\Debug\cl.command.1.tlog
C:\Users\Gaurav\Documents\Visual Studio 2010\Projects\HMM_214101018\HMM_214101018\Debug\CL.read.1.tlog
C:\Users\Gaurav\Documents\Visual Studio 2010\Projects\HMM_214101018\HMM_214101018\Debug\CL.write.1.tlog
C:\USERS\GAURAV\DOCUMENTS\VISUAL STUDIO 2010\PROJECTS\HMM_214101018\HMM_214101018\DEBUG\HMM_214101018.EXE.EMBED.MANIFEST
C:\USERS\GAURAV\DOCUMENTS\VISUAL STUDIO 2010\PROJECTS\HMM_214101018\HMM_214101018\DEBUG\HMM_214101018.EXE.EMBED.MANIFEST.RES
C:\USERS\GAURAV\DOCUMENTS\VISUAL STUDIO 2010\PROJECTS\HMM_214101018\HMM_214101018\DEBUG\HMM_214101018.EXE.INTERMEDIATE.MANIFEST
C:\USERS\GAURAV\DOCUMENTS\VISUAL STUDIO 2010\PROJECTS\HMM_214101018\HMM_214101018\DEBUG\HMM_214101018.OBJ
C:\USERS\GAURAV\DOCUMENTS\VISUAL STUDIO 2010\PROJECTS\HMM_214101018\HMM_214101018\DEBUG\HMM_214101018.PCH
C:\Users\Gaurav\Documents\Visual Studio 2010\Projects\HMM_214101018\HMM_214101018\Debug\HMM_214101018.vcxprojResolveAssemblyReference.cache
C:\Users\Gaurav\Documents\Visual Studio 2010\Projects\HMM_214101018\HMM_214101018\Debug\HMM_214101018.write.1.tlog
C:\Users\Gaurav\Documents\Visual Studio 2010\Projects\HMM_214101018\HMM_214101018\Debug\HMM_214101018_manifest.rc
C:\Users\Gaurav\Documents\Visual Studio 2010\Projects\HMM_214101018\HMM_214101018\Debug\link.14544.read.1.tlog
C:\Users\Gaurav\Documents\Visual Studio 2010\Projects\HMM_214101018\HMM_214101018\Debug\link.14544.write.1.tlog
C:\Users\Gaurav\Documents\Visual Studio 2010\Projects\HMM_214101018\HMM_214101018\Debug\link.14544-cvtres.read.1.tlog
C:\Users\Gaurav\Documents\Visual Studio 2010\Projects\HMM_214101018\HMM_214101018\Debug\link.14544-cvtres.write.1.tlog
C:\Users\Gaurav\Documents\Visual Studio 2010\Projects\HMM_214101018\HMM_214101018\Debug\link.16492.read.1.tlog
C:\Users\Gaurav\Documents\Visual Studio 2010\Projects\HMM_214101018\HMM_214101018\Debug\link.16492.write.1.tlog
C:\Users\Gaurav\Documents\Visual Studio 2010\Projects\HMM_214101018\HMM_214101018\Debug\link.16492-cvtres.read.1.tlog
C:\Users\Gaurav\Documents\Visual Studio 2010\Projects\HMM_214101018\HMM_214101018\Debug\link.16492-cvtres.write.1.tlog
C:\Users\Gaurav\Documents\Visual Studio 2010\Projects\HMM_214101018\HMM_214101018\Debug\link.17184.read.1.tlog
C:\Users\Gaurav\Documents\Visual Studio 2010\Projects\HMM_214101018\HMM_214101018\Debug\link.17184.write.1.tlog
C:\Users\Gaurav\Documents\Visual Studio 2010\Projects\HMM_214101018\HMM_214101018\Debug\link.17184-cvtres.read.1.tlog
C:\Users\Gaurav\Documents\Visual Studio 2010\Projects\HMM_214101018\HMM_214101018\Debug\link.17184-cvtres.write.1.tlog
C:\Users\Gaurav\Documents\Visual Studio 2010\Projects\HMM_214101018\HMM_214101018\Debug\link.19516.read.1.tlog
C:\Users\Gaurav\Documents\Visual Studio 2010\Projects\HMM_214101018\HMM_214101018\Debug\link.19516.write.1.tlog
C:\Users\Gaurav\Documents\Visual Studio 2010\Projects\HMM_214101018\HMM_214101018\Debug\link.19516-cvtres.read.1.tlog
C:\Users\Gaurav\Documents\Visual Studio 2010\Projects\HMM_214101018\HMM_214101018\Debug\link.19516-cvtres.write.1.tlog
C:\Users\Gaurav\Documents\Visual Studio 2010\Projects\HMM_214101018\HMM_214101018\Debug\link.8268.read.1.tlog
C:\Users\Gaurav\Documents\Visual Studio 2010\Projects\HMM_214101018\HMM_214101018\Debug\link.8268.write.1.tlog
C:\Users\Gaurav\Documents\Visual Studio 2010\Projects\HMM_214101018\HMM_214101018\Debug\link.8268-cvtres.read.1.tlog
C:\Users\Gaurav\Documents\Visual Studio 2010\Projects\HMM_214101018\HMM_214101018\Debug\link.8268-cvtres.write.1.tlog
C:\Users\Gaurav\Documents\Visual Studio 2010\Projects\HMM_214101018\HMM_214101018\Debug\link.9608.read.1.tlog
C:\Users\Gaurav\Documents\Visual Studio 2010\Projects\HMM_214101018\HMM_214101018\Debug\link.9608.write.1.tlog
C:\Users\Gaurav\Documents\Visual Studio 2010\Projects\HMM_214101018\HMM_214101018\Debug\link.9608-cvtres.read.1.tlog
C:\Users\Gaurav\Documents\Visual Studio 2010\Projects\HMM_214101018\HMM_214101018\Debug\link.9608-cvtres.write.1.tlog
C:\Users\Gaurav\Documents\Visual Studio 2010\Projects\HMM_214101018\HMM_214101018\Debug\link.command.1.tlog
C:\Users\Gaurav\Documents\Visual Studio 2010\Projects\HMM_214101018\HMM_214101018\Debug\link.read.1.tlog
C:\Users\Gaurav\Documents\Visual Studio 2010\Projects\HMM_214101018\HMM_214101018\Debug\link.write.1.tlog
C:\Users\Gaurav\Documents\Visual Studio 2010\Projects\HMM_214101018\HMM_214101018\Debug\link-cvtres.read.1.tlog
C:\Users\Gaurav\Documents\Visual Studio 2010\Projects\HMM_214101018\HMM_214101018\Debug\link-cvtres.write.1.tlog
C:\Users\Gaurav\Documents\Visual Studio 2010\Projects\HMM_214101018\HMM_214101018\Debug\mt.command.1.tlog
C:\Users\Gaurav\Documents\Visual Studio 2010\Projects\HMM_214101018\HMM_214101018\Debug\mt.read.1.tlog
C:\Users\Gaurav\Documents\Visual Studio 2010\Projects\HMM_214101018\HMM_214101018\Debug\mt.write.1.tlog
C:\Users\Gaurav\Documents\Visual Studio 2010\Projects\HMM_214101018\HMM_214101018\Debug\rc.command.1.tlog
C:\Users\Gaurav\Documents\Visual Studio 2010\Projects\HMM_214101018\HMM_214101018\Debug\rc.read.1.tlog
C:\Users\Gaurav\Documents\Visual Studio 2010\Projects\HMM_214101018\HMM_214101018\Debug\rc.write.1.tlog
C:\USERS\GAURAV\DOCUMENTS\VISUAL STUDIO 2010\PROJECTS\HMM_214101018\HMM_214101018\DEBUG\STDAFX.OBJ
C:\Users\Gaurav\Documents\Visual Studio 2010\Projects\HMM_214101018\HMM_214101018\Debug\vc100.idb
C:\USERS\GAURAV\DOCUMENTS\VISUAL STUDIO 2010\PROJECTS\HMM_214101018\HMM_214101018\DEBUG\VC100.PDB
