Build started 12-09-2021 08:51:59.
     1>Project "c:\Users\Gaurav\documents\visual studio 2010\Projects\214101018_vowelRecognition\214101018_vowelRecognition\214101018_vowelRecognition.vcxproj" on node 2 (build target(s)).
     1>PrepareForBuild:
         Creating directory "c:\users\gaurav\documents\visual studio 2010\Projects\214101018_vowelRecognition\Debug\".
       InitializeBuildStatus:
         Creating "Debug\214101018_vowelRecognition.unsuccessfulbuild" because "AlwaysCreate" was specified.
       ClCompile:
         C:\Program Files (x86)\Microsoft Visual Studio 10.0\VC\bin\CL.exe /c /ZI /nologo /W3 /WX- /Od /Oy- /D WIN32 /D _DEBUG /D _CONSOLE /D _UNICODE /D UNICODE /Gm /EHsc /RTC1 /MDd /GS /fp:precise /Zc:wchar_t /Zc:forScope /Yc"StdAfx.h" /Fp"Debug\214101018_vowelRecognition.pch" /Fo"Debug\\" /Fd"Debug\vc100.pdb" /Gd /TP /analyze- /errorReport:prompt stdafx.cpp
         stdafx.cpp
         C:\Program Files (x86)\Microsoft Visual Studio 10.0\VC\bin\CL.exe /c /ZI /nologo /W3 /WX- /Od /Oy- /D WIN32 /D _DEBUG /D _CONSOLE /D _UNICODE /D UNICODE /Gm /EHsc /RTC1 /MDd /GS /fp:precise /Zc:wchar_t /Zc:forScope /Yu"StdAfx.h" /Fp"Debug\214101018_vowelRecognition.pch" /Fo"Debug\\" /Fd"Debug\vc100.pdb" /Gd /TP /analyze- /errorReport:prompt 214101018_vowelRecognition.cpp
         214101018_vowelRecognition.cpp
     1>c:\users\gaurav\documents\visual studio 2010\projects\214101018_vowelrecognition\214101018_vowelrecognition\214101018_vowelrecognition.cpp(20): warning C4244: 'return' : conversion from 'long' to 'float', possible loss of data
     1>c:\users\gaurav\documents\visual studio 2010\projects\214101018_vowelrecognition\214101018_vowelrecognition\214101018_vowelrecognition.cpp(21): warning C4244: 'return' : conversion from 'long' to 'float', possible loss of data
     1>c:\users\gaurav\documents\visual studio 2010\projects\214101018_vowelrecognition\214101018_vowelrecognition\214101018_vowelrecognition.cpp(33): warning C4996: 'fscanf': This function or variable may be unsafe. Consider using fscanf_s instead. To disable deprecation, use _CRT_SECURE_NO_WARNINGS. See online help for details.
                 c:\program files (x86)\microsoft visual studio 10.0\vc\include\stdio.h(253) : see declaration of 'fscanf'
     1>c:\users\gaurav\documents\visual studio 2010\projects\214101018_vowelrecognition\214101018_vowelrecognition\214101018_vowelrecognition.cpp(35): warning C4244: 'argument' : conversion from 'float' to 'long', possible loss of data
     1>c:\users\gaurav\documents\visual studio 2010\projects\214101018_vowelrecognition\214101018_vowelrecognition\214101018_vowelrecognition.cpp(40): warning C4996: 'fscanf': This function or variable may be unsafe. Consider using fscanf_s instead. To disable deprecation, use _CRT_SECURE_NO_WARNINGS. See online help for details.
                 c:\program files (x86)\microsoft visual studio 10.0\vc\include\stdio.h(253) : see declaration of 'fscanf'
     1>c:\users\gaurav\documents\visual studio 2010\projects\214101018_vowelrecognition\214101018_vowelrecognition\214101018_vowelrecognition.cpp(41): warning C4244: 'argument' : conversion from 'float' to 'long', possible loss of data
     1>c:\users\gaurav\documents\visual studio 2010\projects\214101018_vowelrecognition\214101018_vowelrecognition\214101018_vowelrecognition.cpp(53): warning C4996: 'fopen': This function or variable may be unsafe. Consider using fopen_s instead. To disable deprecation, use _CRT_SECURE_NO_WARNINGS. See online help for details.
                 c:\program files (x86)\microsoft visual studio 10.0\vc\include\stdio.h(234) : see declaration of 'fopen'
     1>c:\users\gaurav\documents\visual studio 2010\projects\214101018_vowelrecognition\214101018_vowelrecognition\214101018_vowelrecognition.cpp(67): warning C4996: 'fscanf': This function or variable may be unsafe. Consider using fscanf_s instead. To disable deprecation, use _CRT_SECURE_NO_WARNINGS. See online help for details.
                 c:\program files (x86)\microsoft visual studio 10.0\vc\include\stdio.h(253) : see declaration of 'fscanf'
     1>c:\users\gaurav\documents\visual studio 2010\projects\214101018_vowelrecognition\214101018_vowelrecognition\214101018_vowelrecognition.cpp(145): warning C4996: 'fscanf': This function or variable may be unsafe. Consider using fscanf_s instead. To disable deprecation, use _CRT_SECURE_NO_WARNINGS. See online help for details.
                 c:\program files (x86)\microsoft visual studio 10.0\vc\include\stdio.h(253) : see declaration of 'fscanf'
     1>c:\users\gaurav\documents\visual studio 2010\projects\214101018_vowelrecognition\214101018_vowelrecognition\214101018_vowelrecognition.cpp(170): warning C4996: 'fopen': This function or variable may be unsafe. Consider using fopen_s instead. To disable deprecation, use _CRT_SECURE_NO_WARNINGS. See online help for details.
                 c:\program files (x86)\microsoft visual studio 10.0\vc\include\stdio.h(234) : see declaration of 'fopen'
     1>c:\users\gaurav\documents\visual studio 2010\projects\214101018_vowelrecognition\214101018_vowelrecognition\214101018_vowelrecognition.cpp(183): warning C4996: 'fscanf': This function or variable may be unsafe. Consider using fscanf_s instead. To disable deprecation, use _CRT_SECURE_NO_WARNINGS. See online help for details.
                 c:\program files (x86)\microsoft visual studio 10.0\vc\include\stdio.h(253) : see declaration of 'fscanf'
     1>c:\users\gaurav\documents\visual studio 2010\projects\214101018_vowelrecognition\214101018_vowelrecognition\214101018_vowelrecognition.cpp(186): warning C4244: 'argument' : conversion from 'float' to 'long', possible loss of data
     1>c:\users\gaurav\documents\visual studio 2010\projects\214101018_vowelrecognition\214101018_vowelrecognition\214101018_vowelrecognition.cpp(187): warning C4244: 'argument' : conversion from 'float' to 'long', possible loss of data
     1>c:\users\gaurav\documents\visual studio 2010\projects\214101018_vowelrecognition\214101018_vowelrecognition\214101018_vowelrecognition.cpp(204): warning C4996: 'fopen': This function or variable may be unsafe. Consider using fopen_s instead. To disable deprecation, use _CRT_SECURE_NO_WARNINGS. See online help for details.
                 c:\program files (x86)\microsoft visual studio 10.0\vc\include\stdio.h(234) : see declaration of 'fopen'
     1>c:\users\gaurav\documents\visual studio 2010\projects\214101018_vowelrecognition\214101018_vowelrecognition\214101018_vowelrecognition.cpp(208): warning C4996: 'fscanf': This function or variable may be unsafe. Consider using fscanf_s instead. To disable deprecation, use _CRT_SECURE_NO_WARNINGS. See online help for details.
                 c:\program files (x86)\microsoft visual studio 10.0\vc\include\stdio.h(253) : see declaration of 'fscanf'
     1>c:\users\gaurav\documents\visual studio 2010\projects\214101018_vowelrecognition\214101018_vowelrecognition\214101018_vowelrecognition.cpp(220): warning C4244: 'initializing' : conversion from 'double' to 'float', possible loss of data
     1>c:\users\gaurav\documents\visual studio 2010\projects\214101018_vowelrecognition\214101018_vowelrecognition\214101018_vowelrecognition.cpp(334): warning C4996: 'strcat': This function or variable may be unsafe. Consider using strcat_s instead. To disable deprecation, use _CRT_SECURE_NO_WARNINGS. See online help for details.
                 c:\program files (x86)\microsoft visual studio 10.0\vc\include\string.h(110) : see declaration of 'strcat'
     1>c:\users\gaurav\documents\visual studio 2010\projects\214101018_vowelrecognition\214101018_vowelrecognition\214101018_vowelrecognition.cpp(337): warning C4996: 'strcat': This function or variable may be unsafe. Consider using strcat_s instead. To disable deprecation, use _CRT_SECURE_NO_WARNINGS. See online help for details.
                 c:\program files (x86)\microsoft visual studio 10.0\vc\include\string.h(110) : see declaration of 'strcat'
     1>c:\users\gaurav\documents\visual studio 2010\projects\214101018_vowelrecognition\214101018_vowelrecognition\214101018_vowelrecognition.cpp(342): warning C4996: 'fopen': This function or variable may be unsafe. Consider using fopen_s instead. To disable deprecation, use _CRT_SECURE_NO_WARNINGS. See online help for details.
                 c:\program files (x86)\microsoft visual studio 10.0\vc\include\stdio.h(234) : see declaration of 'fopen'
     1>c:\users\gaurav\documents\visual studio 2010\projects\214101018_vowelrecognition\214101018_vowelrecognition\214101018_vowelrecognition.cpp(376): warning C4996: 'strcat': This function or variable may be unsafe. Consider using strcat_s instead. To disable deprecation, use _CRT_SECURE_NO_WARNINGS. See online help for details.
                 c:\program files (x86)\microsoft visual studio 10.0\vc\include\string.h(110) : see declaration of 'strcat'
     1>c:\users\gaurav\documents\visual studio 2010\projects\214101018_vowelrecognition\214101018_vowelrecognition\214101018_vowelrecognition.cpp(377): warning C4996: 'fopen': This function or variable may be unsafe. Consider using fopen_s instead. To disable deprecation, use _CRT_SECURE_NO_WARNINGS. See online help for details.
                 c:\program files (x86)\microsoft visual studio 10.0\vc\include\stdio.h(234) : see declaration of 'fopen'
     1>c:\users\gaurav\documents\visual studio 2010\projects\214101018_vowelrecognition\214101018_vowelrecognition\214101018_vowelrecognition.cpp(439): warning C4996: 'strcat': This function or variable may be unsafe. Consider using strcat_s instead. To disable deprecation, use _CRT_SECURE_NO_WARNINGS. See online help for details.
                 c:\program files (x86)\microsoft visual studio 10.0\vc\include\string.h(110) : see declaration of 'strcat'
     1>c:\users\gaurav\documents\visual studio 2010\projects\214101018_vowelrecognition\214101018_vowelrecognition\214101018_vowelrecognition.cpp(440): warning C4996: 'strcat': This function or variable may be unsafe. Consider using strcat_s instead. To disable deprecation, use _CRT_SECURE_NO_WARNINGS. See online help for details.
                 c:\program files (x86)\microsoft visual studio 10.0\vc\include\string.h(110) : see declaration of 'strcat'
     1>c:\users\gaurav\documents\visual studio 2010\projects\214101018_vowelrecognition\214101018_vowelrecognition\214101018_vowelrecognition.cpp(445): warning C4996: 'fopen': This function or variable may be unsafe. Consider using fopen_s instead. To disable deprecation, use _CRT_SECURE_NO_WARNINGS. See online help for details.
                 c:\program files (x86)\microsoft visual studio 10.0\vc\include\stdio.h(234) : see declaration of 'fopen'
     1>c:\users\gaurav\documents\visual studio 2010\projects\214101018_vowelrecognition\214101018_vowelrecognition\214101018_vowelrecognition.cpp(536): warning C4996: 'getch': The POSIX name for this item is deprecated. Instead, use the ISO C++ conformant name: _getch. See online help for details.
                 c:\program files (x86)\microsoft visual studio 10.0\vc\include\conio.h(128) : see declaration of 'getch'
       ManifestResourceCompile:
         C:\Program Files (x86)\Microsoft SDKs\Windows\v7.0A\bin\rc.exe /nologo /fo"Debug\214101018_vowelRecognition.exe.embed.manifest.res" Debug\214101018_vowelRecognition_manifest.rc 
       Link:
         C:\Program Files (x86)\Microsoft Visual Studio 10.0\VC\bin\link.exe /ERRORREPORT:PROMPT /OUT:"c:\users\gaurav\documents\visual studio 2010\Projects\214101018_vowelRecognition\Debug\214101018_vowelRecognition.exe" /INCREMENTAL /NOLOGO kernel32.lib user32.lib gdi32.lib winspool.lib comdlg32.lib advapi32.lib shell32.lib ole32.lib oleaut32.lib uuid.lib odbc32.lib odbccp32.lib /MANIFEST /ManifestFile:"Debug\214101018_vowelRecognition.exe.intermediate.manifest" /MANIFESTUAC:"level='asInvoker' uiAccess='false'" /DEBUG /PDB:"c:\users\gaurav\documents\visual studio 2010\Projects\214101018_vowelRecognition\Debug\214101018_vowelRecognition.pdb" /SUBSYSTEM:CONSOLE /TLBID:1 /DYNAMICBASE /NXCOMPAT /IMPLIB:"c:\users\gaurav\documents\visual studio 2010\Projects\214101018_vowelRecognition\Debug\214101018_vowelRecognition.lib" /MACHINE:X86 Debug\214101018_vowelRecognition.exe.embed.manifest.res
         Debug\214101018_vowelRecognition.obj
         Debug\stdafx.obj
       Manifest:
         C:\Program Files (x86)\Microsoft SDKs\Windows\v7.0A\bin\mt.exe /nologo /verbose /out:"Debug\214101018_vowelRecognition.exe.embed.manifest" /manifest Debug\214101018_vowelRecognition.exe.intermediate.manifest
         C:\Program Files (x86)\Microsoft SDKs\Windows\v7.0A\bin\rc.exe /nologo /fo"Debug\214101018_vowelRecognition.exe.embed.manifest.res" Debug\214101018_vowelRecognition_manifest.rc 
       LinkEmbedManifest:
         C:\Program Files (x86)\Microsoft Visual Studio 10.0\VC\bin\link.exe /ERRORREPORT:PROMPT /OUT:"c:\users\gaurav\documents\visual studio 2010\Projects\214101018_vowelRecognition\Debug\214101018_vowelRecognition.exe" /INCREMENTAL /NOLOGO kernel32.lib user32.lib gdi32.lib winspool.lib comdlg32.lib advapi32.lib shell32.lib ole32.lib oleaut32.lib uuid.lib odbc32.lib odbccp32.lib /MANIFEST /ManifestFile:"Debug\214101018_vowelRecognition.exe.intermediate.manifest" /MANIFESTUAC:"level='asInvoker' uiAccess='false'" /DEBUG /PDB:"c:\users\gaurav\documents\visual studio 2010\Projects\214101018_vowelRecognition\Debug\214101018_vowelRecognition.pdb" /SUBSYSTEM:CONSOLE /TLBID:1 /DYNAMICBASE /NXCOMPAT /IMPLIB:"c:\users\gaurav\documents\visual studio 2010\Projects\214101018_vowelRecognition\Debug\214101018_vowelRecognition.lib" /MACHINE:X86 Debug\214101018_vowelRecognition.exe.embed.manifest.res
         Debug\214101018_vowelRecognition.obj
         Debug\stdafx.obj
         214101018_vowelRecognition.vcxproj -> c:\users\gaurav\documents\visual studio 2010\Projects\214101018_vowelRecognition\Debug\214101018_vowelRecognition.exe
       FinalizeBuildStatus:
         Deleting file "Debug\214101018_vowelRecognition.unsuccessfulbuild".
         Touching "Debug\214101018_vowelRecognition.lastbuildstate".
     1>Done Building Project "c:\Users\Gaurav\documents\visual studio 2010\Projects\214101018_vowelRecognition\214101018_vowelRecognition\214101018_vowelRecognition.vcxproj" (build target(s)).

Build succeeded.

Time Elapsed 00:00:05.06
